{
    "level": "warn",
    "trace_id": "123",
    "method": "POST",
    "path": "/api/v1/users",
    "query": "",
    "client_ip": "::1",
    "user_agent": "PostmanRuntime/7.51.0",
    "referer": "",
    "protocol": "HTTP/1.1",
    "host": "localhost:8080",
    "remote_addr": "[::1]:49957",
    "request_uri": "/api/v1/users",
    "content_length": 140,
    "headers": {
        "Accept": [
            "*/*"
        ],
        "Accept-Encoding": [
            "gzip, deflate, br"
        ],
        "Api-Key": [
            "31f4b96c-cfc2-4d41-9335-6b25d75937b9"
        ],
        "Cache-Control": [
            "no-cache"
        ],
        "Connection": [
            "keep-alive"
        ],
        "Content-Length": [
            "140"
        ],
        "Content-Type": [
            "application/json"
        ],
        "Postman-Token": [
            "2236293c-939e-44cb-bd3b-168f6a8b5196"
        ],
        "User-Agent": [
            "PostmanRuntime/7.51.0"
        ],
        "X-Trace-Id": [
            "123"
        ]
    },
    "request_body": {
        "age": 25,
        "email": "test.user5@example.com",
        "level": 2,
        "name": "Test User",
        "password": "Ntmt2502@",
        "status": 2
    },
    "status_code": 409,
    "response_body": {
        "code": "CONFLICT",
        "error": "Email already exists"
    },
    "duration_ms": 58,
    "time": "2026-01-02T18:27:40+07:00",
    "message": "HTTP Request Log"
}